{"level":"info","message":"Server started on port 3000","timestamp":"2025-06-05 15:32:06"}
{"level":"info","message":"Environment: undefined","timestamp":"2025-06-05 15:32:06"}
{"level":"info","message":"Server started on port 3000","timestamp":"2025-06-05 15:33:53"}
{"level":"info","message":"Environment: undefined","timestamp":"2025-06-05 15:33:53"}
{"level":"info","message":"Server started on port 3000","timestamp":"2025-06-05 15:34:47"}
{"level":"info","message":"Environment: undefined","timestamp":"2025-06-05 15:34:47"}
{"level":"info","message":"Server started on port 3000","timestamp":"2025-06-05 15:34:54"}
{"level":"info","message":"Environment: undefined","timestamp":"2025-06-05 15:34:54"}
{"level":"info","message":"Server started on port 3000","timestamp":"2025-06-05 15:35:54"}
{"level":"info","message":"Environment: undefined","timestamp":"2025-06-05 15:35:54"}
{"level":"info","message":"Server started on port 3000","timestamp":"2025-06-05 15:36:03"}
{"level":"info","message":"Environmenta: undefined","timestamp":"2025-06-05 15:36:03"}
{"level":"info","message":"Server started on port 3000","timestamp":"2025-06-05 15:36:07"}
{"level":"info","message":"Environment: undefined","timestamp":"2025-06-05 15:36:07"}
{"level":"info","message":"Server started on port 3000","timestamp":"2025-06-05 15:37:35"}
{"level":"info","message":"Environment: development","timestamp":"2025-06-05 15:37:35"}
{"level":"info","message":"Server URL: http://localhost:3000","timestamp":"2025-06-05 15:37:35"}
{"level":"warn","message":"Unauthorized access attempt from IP: ::1","timestamp":"2025-06-05 15:39:43"}
{"level":"info","message":"::1 - - [05/Jun/2025:10:09:43 +0000] \"POST /api/chat HTTP/1.1\" 401 43 \"-\" \"PostmanRuntime/7.44.0\"","timestamp":"2025-06-05 15:39:43"}
{"level":"warn","message":"Unauthorized access attempt from IP: ::1","timestamp":"2025-06-05 15:40:34"}
{"level":"info","message":"::1 - - [05/Jun/2025:10:10:34 +0000] \"POST /api/chat HTTP/1.1\" 401 43 \"-\" \"PostmanRuntime/7.44.0\"","timestamp":"2025-06-05 15:40:34"}
{"level":"info","message":"Server started on port 3000","timestamp":"2025-06-05 15:40:45"}
{"level":"info","message":"Environment: development","timestamp":"2025-06-05 15:40:45"}
{"level":"info","message":"Server URL: http://localhost:3000","timestamp":"2025-06-05 15:40:45"}
{"level":"warn","message":"Unauthorized access attempt from IP: ::1","timestamp":"2025-06-05 15:40:49"}
{"level":"info","message":"::1 - - [05/Jun/2025:10:10:49 +0000] \"POST /api/chat HTTP/1.1\" 401 43 \"-\" \"PostmanRuntime/7.44.0\"","timestamp":"2025-06-05 15:40:49"}
{"level":"warn","message":"Unauthorized access attempt from IP: ::1","timestamp":"2025-06-05 15:41:52"}
{"level":"info","message":"::1 - - [05/Jun/2025:10:11:52 +0000] \"POST /api/chat HTTP/1.1\" 401 43 \"-\" \"PostmanRuntime/7.44.0\"","timestamp":"2025-06-05 15:41:52"}
{"level":"warn","message":"Unauthorized access attempt from IP: ::1","timestamp":"2025-06-05 15:41:53"}
{"level":"info","message":"::1 - - [05/Jun/2025:10:11:53 +0000] \"POST /api/chat HTTP/1.1\" 401 43 \"-\" \"PostmanRuntime/7.44.0\"","timestamp":"2025-06-05 15:41:53"}
{"level":"info","message":"Server started on port 3000","timestamp":"2025-06-05 15:43:02"}
{"level":"info","message":"Environment: development","timestamp":"2025-06-05 15:43:02"}
{"level":"info","message":"Server URL: http://localhost:3000","timestamp":"2025-06-05 15:43:02"}
{"level":"warn","message":"Unauthorized access attempt from IP: ::1","timestamp":"2025-06-05 15:43:07"}
{"level":"info","message":"::1 - - [05/Jun/2025:10:13:07 +0000] \"POST /api/chat HTTP/1.1\" 401 43 \"-\" \"PostmanRuntime/7.44.0\"","timestamp":"2025-06-05 15:43:07"}
{"level":"info","message":"Server started on port 3000","timestamp":"2025-06-05 15:43:52"}
{"level":"info","message":"Environment: development","timestamp":"2025-06-05 15:43:52"}
{"level":"info","message":"Server URL: http://localhost:3000","timestamp":"2025-06-05 15:43:52"}
{"level":"info","message":"Server started on port 3000","timestamp":"2025-06-05 15:43:55"}
{"level":"info","message":"Environment: development","timestamp":"2025-06-05 15:43:55"}
{"level":"info","message":"Server URL: http://localhost:3000","timestamp":"2025-06-05 15:43:55"}
{"level":"warn","message":"Unauthorized access attempt from IP: ::1","timestamp":"2025-06-05 15:44:00"}
{"level":"info","message":"::1 - - [05/Jun/2025:10:14:00 +0000] \"POST /api/chat HTTP/1.1\" 401 43 \"-\" \"PostmanRuntime/7.44.0\"","timestamp":"2025-06-05 15:44:00"}
{"level":"info","message":"Server started on port 3000","timestamp":"2025-06-05 15:45:54"}
{"level":"info","message":"Environment: development","timestamp":"2025-06-05 15:45:54"}
{"level":"info","message":"Server URL: http://localhost:3000","timestamp":"2025-06-05 15:45:54"}
{"level":"info","message":"Server started on port 3000","timestamp":"2025-06-05 15:45:55"}
{"level":"info","message":"Environment: development","timestamp":"2025-06-05 15:45:55"}
{"level":"info","message":"Server URL: http://localhost:3000","timestamp":"2025-06-05 15:45:55"}
{"level":"info","message":"Server started on port 3000","timestamp":"2025-06-05 15:46:25"}
{"level":"info","message":"Environment: development","timestamp":"2025-06-05 15:46:25"}
{"level":"info","message":"Server URL: http://localhost:3000","timestamp":"2025-06-05 15:46:25"}
{"level":"info","message":"::1 - - [05/Jun/2025:10:16:46 +0000] \"POST /api/chat HTTP/1.1\" 200 580 \"-\" \"PostmanRuntime/7.44.0\"","timestamp":"2025-06-05 15:46:46"}
{"level":"info","message":"Server started on port 3000","timestamp":"2025-06-05 15:47:03"}
{"level":"info","message":"Environment: development","timestamp":"2025-06-05 15:47:03"}
{"level":"info","message":"Server URL: http://localhost:3000","timestamp":"2025-06-05 15:47:03"}
{"level":"warn","message":"Unauthorized access attempt from IP: ::1","timestamp":"2025-06-05 15:47:18"}
{"level":"info","message":"::1 - - [05/Jun/2025:10:17:18 +0000] \"POST /api/chat HTTP/1.1\" 401 43 \"-\" \"PostmanRuntime/7.44.0\"","timestamp":"2025-06-05 15:47:18"}
{"level":"info","message":"Server started on port 3000","timestamp":"2025-06-05 15:47:26"}
{"level":"info","message":"Environment: development","timestamp":"2025-06-05 15:47:26"}
{"level":"info","message":"Server URL: http://localhost:3000","timestamp":"2025-06-05 15:47:26"}
{"level":"info","message":"Server started on port 3000","timestamp":"2025-06-05 15:47:31"}
{"level":"info","message":"Environment: development","timestamp":"2025-06-05 15:47:31"}
{"level":"info","message":"Server URL: http://localhost:3000","timestamp":"2025-06-05 15:47:31"}
{"level":"info","message":"Server started on port 3000","timestamp":"2025-06-05 15:47:33"}
{"level":"info","message":"Environment: development","timestamp":"2025-06-05 15:47:33"}
{"level":"info","message":"Server URL: http://localhost:3000","timestamp":"2025-06-05 15:47:33"}
{"level":"info","message":"::1 - - [05/Jun/2025:10:17:53 +0000] \"POST /api/chat HTTP/1.1\" 200 1893 \"-\" \"PostmanRuntime/7.44.0\"","timestamp":"2025-06-05 15:47:53"}
{"level":"info","message":"Server started on port 3000","timestamp":"2025-06-05 16:23:06"}
{"level":"info","message":"Environment: development","timestamp":"2025-06-05 16:23:06"}
{"level":"info","message":"Server URL: http://localhost:3000","timestamp":"2025-06-05 16:23:06"}
{"level":"info","message":"::1 - - [05/Jun/2025:10:53:25 +0000] \"POST /api/chat HTTP/1.1\" 200 295 \"http://localhost:5173/\" \"Mozilla/5.0 (Linux; Android 6.0; Nexus 5 Build/MRA58N) AppleWebKit/537.36 (KHTML, like Gecko) Chrome/137.0.0.0 Mobile Safari/537.36\"","timestamp":"2025-06-05 16:23:25"}
{"level":"info","message":"::1 - - [05/Jun/2025:10:54:59 +0000] \"POST /api/chat HTTP/1.1\" 200 2872 \"http://localhost:5173/\" \"Mozilla/5.0 (Linux; Android 6.0; Nexus 5 Build/MRA58N) AppleWebKit/537.36 (KHTML, like Gecko) Chrome/137.0.0.0 Mobile Safari/537.36\"","timestamp":"2025-06-05 16:24:59"}
{"level":"info","message":"::1 - - [05/Jun/2025:11:01:30 +0000] \"POST /api/chat HTTP/1.1\" 200 224 \"http://localhost:5173/\" \"Mozilla/5.0 (Linux; Android 6.0; Nexus 5 Build/MRA58N) AppleWebKit/537.36 (KHTML, like Gecko) Chrome/137.0.0.0 Mobile Safari/537.36\"","timestamp":"2025-06-05 16:31:30"}
{"level":"info","message":"::1 - - [05/Jun/2025:11:02:07 +0000] \"POST /api/chat HTTP/1.1\" 200 1635 \"http://localhost:5173/\" \"Mozilla/5.0 (Linux; Android 6.0; Nexus 5 Build/MRA58N) AppleWebKit/537.36 (KHTML, like Gecko) Chrome/137.0.0.0 Mobile Safari/537.36\"","timestamp":"2025-06-05 16:32:07"}
{"level":"info","message":"::1 - - [05/Jun/2025:11:02:44 +0000] \"POST /api/chat HTTP/1.1\" 200 210 \"http://localhost:5173/\" \"Mozilla/5.0 (iPhone; CPU iPhone OS 16_6 like Mac OS X) AppleWebKit/605.1.15 (KHTML, like Gecko) Version/16.6 Mobile/15E148 Safari/604.1\"","timestamp":"2025-06-05 16:32:44"}
{"level":"info","message":"::1 - - [05/Jun/2025:11:12:27 +0000] \"POST /api/chat HTTP/1.1\" 200 549 \"http://localhost:5173/\" \"Mozilla/5.0 (Windows NT 10.0; Win64; x64) AppleWebKit/537.36 (KHTML, like Gecko) Chrome/137.0.0.0 Safari/537.36\"","timestamp":"2025-06-05 16:42:27"}
{"level":"info","message":"::1 - - [05/Jun/2025:11:12:39 +0000] \"POST /api/chat HTTP/1.1\" 200 252 \"http://localhost:5173/\" \"Mozilla/5.0 (Windows NT 10.0; Win64; x64) AppleWebKit/537.36 (KHTML, like Gecko) Chrome/137.0.0.0 Safari/537.36\"","timestamp":"2025-06-05 16:42:39"}
{"level":"info","message":"Server started on port 3000","timestamp":"2025-06-05 16:49:22"}
{"level":"info","message":"Environment: development","timestamp":"2025-06-05 16:49:22"}
{"level":"info","message":"Server URL: http://localhost:3000","timestamp":"2025-06-05 16:49:22"}
{"level":"info","message":"::1 - - [05/Jun/2025:11:20:07 +0000] \"POST /api/chat HTTP/1.1\" 200 169 \"http://localhost:5173/\" \"Mozilla/5.0 (Windows NT 10.0; Win64; x64) AppleWebKit/537.36 (KHTML, like Gecko) Chrome/137.0.0.0 Safari/537.36\"","timestamp":"2025-06-05 16:50:07"}
{"level":"info","message":"::1 - - [05/Jun/2025:11:20:41 +0000] \"POST /api/chat HTTP/1.1\" 200 185 \"http://localhost:5173/\" \"Mozilla/5.0 (Windows NT 10.0; Win64; x64) AppleWebKit/537.36 (KHTML, like Gecko) Chrome/137.0.0.0 Safari/537.36\"","timestamp":"2025-06-05 16:50:41"}
{"level":"info","message":"::1 - - [05/Jun/2025:11:21:05 +0000] \"POST /api/chat HTTP/1.1\" 200 555 \"http://localhost:5173/\" \"Mozilla/5.0 (Windows NT 10.0; Win64; x64) AppleWebKit/537.36 (KHTML, like Gecko) Chrome/137.0.0.0 Safari/537.36\"","timestamp":"2025-06-05 16:51:05"}
{"level":"info","message":"::1 - - [05/Jun/2025:11:21:47 +0000] \"POST /api/chat HTTP/1.1\" 200 416 \"http://localhost:5173/\" \"Mozilla/5.0 (Windows NT 10.0; Win64; x64) AppleWebKit/537.36 (KHTML, like Gecko) Chrome/137.0.0.0 Safari/537.36\"","timestamp":"2025-06-05 16:51:47"}
{"level":"info","message":"Server started on port 3000","timestamp":"2025-06-05 16:52:30"}
{"level":"info","message":"Environment: development","timestamp":"2025-06-05 16:52:30"}
{"level":"info","message":"Server URL: http://localhost:3000","timestamp":"2025-06-05 16:52:30"}
{"level":"info","message":"Server started on port 3000","timestamp":"2025-06-05 23:16:06"}
{"level":"info","message":"Environment: development","timestamp":"2025-06-05 23:16:06"}
{"level":"info","message":"Server URL: http://localhost:3000","timestamp":"2025-06-05 23:16:06"}
{"level":"info","message":"::1 - - [05/Jun/2025:17:48:02 +0000] \"POST /api/chat HTTP/1.1\" 200 722 \"http://localhost:5173/\" \"Mozilla/5.0 (Windows NT 10.0; Win64; x64) AppleWebKit/537.36 (KHTML, like Gecko) Chrome/137.0.0.0 Safari/537.36\"","timestamp":"2025-06-05 23:18:02"}
{"level":"info","message":"::1 - - [05/Jun/2025:17:55:34 +0000] \"POST /api/chat HTTP/1.1\" 200 179 \"http://localhost:5173/\" \"Mozilla/5.0 (Windows NT 10.0; Win64; x64) AppleWebKit/537.36 (KHTML, like Gecko) Chrome/137.0.0.0 Safari/537.36\"","timestamp":"2025-06-05 23:25:34"}
{"level":"info","message":"Server started on port 3000","timestamp":"2025-06-06 00:00:43"}
{"level":"info","message":"Environment: development","timestamp":"2025-06-06 00:00:43"}
{"level":"info","message":"Server URL: http://localhost:3000","timestamp":"2025-06-06 00:00:43"}
{"level":"info","message":"Server started on port 3000","timestamp":"2025-06-06 00:01:19"}
{"level":"info","message":"Environment: development","timestamp":"2025-06-06 00:01:19"}
{"level":"info","message":"Server URL: http://localhost:3000","timestamp":"2025-06-06 00:01:19"}
{"level":"info","message":"::1 - - [05/Jun/2025:18:32:35 +0000] \"POST /api/chat HTTP/1.1\" 200 1276 \"http://localhost:5173/\" \"Mozilla/5.0 (Windows NT 10.0; Win64; x64) AppleWebKit/537.36 (KHTML, like Gecko) Chrome/137.0.0.0 Safari/537.36\"","timestamp":"2025-06-06 00:02:35"}
{"level":"info","message":"::1 - - [05/Jun/2025:18:33:06 +0000] \"POST /api/chat HTTP/1.1\" 200 480 \"http://localhost:5173/\" \"Mozilla/5.0 (Windows NT 10.0; Win64; x64) AppleWebKit/537.36 (KHTML, like Gecko) Chrome/137.0.0.0 Safari/537.36\"","timestamp":"2025-06-06 00:03:06"}
{"level":"info","message":"::1 - - [05/Jun/2025:18:34:14 +0000] \"POST /api/chat HTTP/1.1\" 200 2886 \"http://localhost:5173/\" \"Mozilla/5.0 (Windows NT 10.0; Win64; x64) AppleWebKit/537.36 (KHTML, like Gecko) Chrome/137.0.0.0 Safari/537.36\"","timestamp":"2025-06-06 00:04:14"}
{"level":"info","message":"::1 - - [05/Jun/2025:20:05:21 +0000] \"POST /api/chat HTTP/1.1\" 200 702 \"http://localhost:5173/\" \"Mozilla/5.0 (Windows NT 10.0; Win64; x64) AppleWebKit/537.36 (KHTML, like Gecko) Chrome/137.0.0.0 Safari/537.36\"","timestamp":"2025-06-06 01:35:21"}
{"level":"info","message":"::1 - - [05/Jun/2025:20:27:11 +0000] \"POST /api/chat HTTP/1.1\" 200 1237 \"http://localhost:5173/\" \"Mozilla/5.0 (Windows NT 10.0; Win64; x64) AppleWebKit/537.36 (KHTML, like Gecko) Chrome/137.0.0.0 Safari/537.36\"","timestamp":"2025-06-06 01:57:11"}
{"level":"info","message":"Server started on port 3000","timestamp":"2025-06-06 01:58:00"}
{"level":"info","message":"Environment: development","timestamp":"2025-06-06 01:58:00"}
{"level":"info","message":"Server URL: http://localhost:3000","timestamp":"2025-06-06 01:58:00"}
{"level":"info","message":"Server started on port 3000","timestamp":"2025-06-06 01:58:02"}
{"level":"info","message":"Environment: development","timestamp":"2025-06-06 01:58:02"}
{"level":"info","message":"Server URL: http://localhost:3000","timestamp":"2025-06-06 01:58:02"}
{"level":"info","message":"Server started on port 3000","timestamp":"2025-06-06 01:58:17"}
{"level":"info","message":"Environment: development","timestamp":"2025-06-06 01:58:17"}
{"level":"info","message":"Server URL: http://localhost:3000","timestamp":"2025-06-06 01:58:17"}
{"level":"info","message":"Server started on port 3000","timestamp":"2025-06-06 01:58:18"}
{"level":"info","message":"Environment: development","timestamp":"2025-06-06 01:58:18"}
{"level":"info","message":"Server URL: http://localhost:3000","timestamp":"2025-06-06 01:58:18"}
{"level":"info","message":"Server started on port 3000","timestamp":"2025-06-06 01:58:27"}
{"level":"info","message":"Environment: development","timestamp":"2025-06-06 01:58:27"}
{"level":"info","message":"Server URL: http://localhost:3000","timestamp":"2025-06-06 01:58:27"}
{"level":"info","message":"Server started on port 3000","timestamp":"2025-06-06 01:58:31"}
{"level":"info","message":"Environment: development","timestamp":"2025-06-06 01:58:31"}
{"level":"info","message":"Server URL: http://localhost:3000","timestamp":"2025-06-06 01:58:31"}
{"level":"info","message":"Server started on port 3000","timestamp":"2025-06-06 01:58:37"}
{"level":"info","message":"Environment: development","timestamp":"2025-06-06 01:58:37"}
{"level":"info","message":"Server URL: http://localhost:3000","timestamp":"2025-06-06 01:58:37"}
{"level":"info","message":"Server started on port 3000","timestamp":"2025-06-06 01:58:40"}
{"level":"info","message":"Environment: development","timestamp":"2025-06-06 01:58:40"}
{"level":"info","message":"Server URL: http://localhost:3000","timestamp":"2025-06-06 01:58:40"}
{"level":"info","message":"Server started on port 3000","timestamp":"2025-06-06 01:58:56"}
{"level":"info","message":"Environment: development","timestamp":"2025-06-06 01:58:56"}
{"level":"info","message":"Server URL: http://localhost:3000","timestamp":"2025-06-06 01:58:56"}
{"level":"info","message":"Server started on port 3000","timestamp":"2025-06-06 01:59:05"}
{"level":"info","message":"Environment: development","timestamp":"2025-06-06 01:59:05"}
{"level":"info","message":"Server URL: http://localhost:3000","timestamp":"2025-06-06 01:59:05"}
{"level":"info","message":"Server started on port 3000","timestamp":"2025-06-06 01:59:15"}
{"level":"info","message":"Environment: development","timestamp":"2025-06-06 01:59:15"}
{"level":"info","message":"Server URL: http://localhost:3000","timestamp":"2025-06-06 01:59:15"}
{"level":"info","message":"Server started on port 3000","timestamp":"2025-06-06 01:59:58"}
{"level":"info","message":"Environment: development","timestamp":"2025-06-06 01:59:58"}
{"level":"info","message":"Server URL: http://localhost:3000","timestamp":"2025-06-06 01:59:58"}
{"level":"info","message":"Server started on port 3000","timestamp":"2025-06-06 02:00:07"}
{"level":"info","message":"Environment: development","timestamp":"2025-06-06 02:00:07"}
{"level":"info","message":"Server URL: http://localhost:3000","timestamp":"2025-06-06 02:00:07"}
{"level":"info","message":"Server started on port 3000","timestamp":"2025-06-06 02:00:14"}
{"level":"info","message":"Environment: development","timestamp":"2025-06-06 02:00:14"}
{"level":"info","message":"Server URL: http://localhost:3000","timestamp":"2025-06-06 02:00:14"}
{"level":"info","message":"Server started on port 3000","timestamp":"2025-06-06 02:00:28"}
{"level":"info","message":"Environment: development","timestamp":"2025-06-06 02:00:28"}
{"level":"info","message":"Server URL: http://localhost:3000","timestamp":"2025-06-06 02:00:28"}
{"level":"info","message":"Server started on port 3000","timestamp":"2025-06-06 02:00:40"}
{"level":"info","message":"Environment: development","timestamp":"2025-06-06 02:00:40"}
{"level":"info","message":"Server URL: http://localhost:3000","timestamp":"2025-06-06 02:00:40"}
{"level":"info","message":"Server started on port 3000","timestamp":"2025-06-06 02:00:42"}
{"level":"info","message":"Environment: development","timestamp":"2025-06-06 02:00:42"}
{"level":"info","message":"Server URL: http://localhost:3000","timestamp":"2025-06-06 02:00:42"}
{"level":"info","message":"Server started on port 3000","timestamp":"2025-06-06 02:00:49"}
{"level":"info","message":"Environment: development","timestamp":"2025-06-06 02:00:49"}
{"level":"info","message":"Server URL: http://localhost:3000","timestamp":"2025-06-06 02:00:49"}
{"level":"info","message":"Server started on port 3000","timestamp":"2025-06-06 02:00:54"}
{"level":"info","message":"Environment: development","timestamp":"2025-06-06 02:00:54"}
{"level":"info","message":"Server URL: http://localhost:3000","timestamp":"2025-06-06 02:00:54"}
{"level":"info","message":"Server started on port 3000","timestamp":"2025-06-06 02:01:02"}
{"level":"info","message":"Environment: development","timestamp":"2025-06-06 02:01:02"}
{"level":"info","message":"Server URL: http://localhost:3000","timestamp":"2025-06-06 02:01:02"}
{"level":"info","message":"Server started on port 3000","timestamp":"2025-06-06 02:01:04"}
{"level":"info","message":"Environment: development","timestamp":"2025-06-06 02:01:04"}
{"level":"info","message":"Server URL: http://localhost:3000","timestamp":"2025-06-06 02:01:04"}
{"level":"info","message":"Server started on port 3000","timestamp":"2025-06-06 02:01:06"}
{"level":"info","message":"Environment: development","timestamp":"2025-06-06 02:01:06"}
{"level":"info","message":"Server URL: http://localhost:3000","timestamp":"2025-06-06 02:01:06"}
{"level":"info","message":"Server started on port 3000","timestamp":"2025-06-06 02:01:09"}
{"level":"info","message":"Environment: development","timestamp":"2025-06-06 02:01:09"}
{"level":"info","message":"Server URL: http://localhost:3000","timestamp":"2025-06-06 02:01:09"}
{"level":"info","message":"Server started on port 3000","timestamp":"2025-06-06 02:01:38"}
{"level":"info","message":"Environment: development","timestamp":"2025-06-06 02:01:38"}
{"level":"info","message":"Server URL: http://localhost:3000","timestamp":"2025-06-06 02:01:38"}
{"level":"info","message":"Server started on port 3000","timestamp":"2025-06-06 02:04:54"}
{"level":"info","message":"Environment: development","timestamp":"2025-06-06 02:04:54"}
{"level":"info","message":"Server URL: http://localhost:3000","timestamp":"2025-06-06 02:04:54"}
{"level":"info","message":"Server started on port 3000","timestamp":"2025-06-06 02:04:58"}
{"level":"info","message":"Environment: development","timestamp":"2025-06-06 02:04:58"}
{"level":"info","message":"Server URL: http://localhost:3000","timestamp":"2025-06-06 02:04:58"}
{"level":"info","message":"Server started on port 3000","timestamp":"2025-06-06 02:05:34"}
{"level":"info","message":"Environment: development","timestamp":"2025-06-06 02:05:34"}
{"level":"info","message":"Server URL: http://localhost:3000","timestamp":"2025-06-06 02:05:34"}
{"level":"info","message":"Server started on port 3000","timestamp":"2025-06-06 02:05:43"}
{"level":"info","message":"Environment: development","timestamp":"2025-06-06 02:05:43"}
{"level":"info","message":"Server URL: http://localhost:3000","timestamp":"2025-06-06 02:05:43"}
{"level":"info","message":"Server started on port 3000","timestamp":"2025-06-06 02:05:54"}
{"level":"info","message":"Environment: development","timestamp":"2025-06-06 02:05:54"}
{"level":"info","message":"Server URL: http://localhost:3000","timestamp":"2025-06-06 02:05:54"}
{"level":"info","message":"Server started on port 3000","timestamp":"2025-06-06 02:06:38"}
{"level":"info","message":"Environment: development","timestamp":"2025-06-06 02:06:38"}
{"level":"info","message":"Server URL: http://localhost:3000","timestamp":"2025-06-06 02:06:38"}
{"level":"info","message":"Server started on port 3000","timestamp":"2025-06-06 02:06:43"}
{"level":"info","message":"Environment: development","timestamp":"2025-06-06 02:06:43"}
{"level":"info","message":"Server URL: http://localhost:3000","timestamp":"2025-06-06 02:06:43"}
{"level":"info","message":"::1 - - [05/Jun/2025:20:37:43 +0000] \"POST /api/chat/portfolio-assistant HTTP/1.1\" 200 834 \"http://localhost:5173/\" \"Mozilla/5.0 (Windows NT 10.0; Win64; x64) AppleWebKit/537.36 (KHTML, like Gecko) Chrome/137.0.0.0 Safari/537.36\"","timestamp":"2025-06-06 02:07:43"}
{"level":"info","message":"Server started on port 3000","timestamp":"2025-06-06 02:08:16"}
{"level":"info","message":"Environment: development","timestamp":"2025-06-06 02:08:16"}
{"level":"info","message":"Server URL: http://localhost:3000","timestamp":"2025-06-06 02:08:16"}
{"level":"info","message":"Server started on port 3000","timestamp":"2025-06-06 02:08:19"}
{"level":"info","message":"Environment: development","timestamp":"2025-06-06 02:08:19"}
{"level":"info","message":"Server URL: http://localhost:3000","timestamp":"2025-06-06 02:08:19"}
{"level":"info","message":"Server started on port 3000","timestamp":"2025-06-06 02:08:25"}
{"level":"info","message":"Environment: development","timestamp":"2025-06-06 02:08:25"}
{"level":"info","message":"Server URL: http://localhost:3000","timestamp":"2025-06-06 02:08:25"}
{"level":"info","message":"Server started on port 3000","timestamp":"2025-06-06 02:08:39"}
{"level":"info","message":"Environment: development","timestamp":"2025-06-06 02:08:39"}
{"level":"info","message":"Server URL: http://localhost:3000","timestamp":"2025-06-06 02:08:39"}
{"level":"info","message":"Server started on port 3000","timestamp":"2025-06-06 02:08:48"}
{"level":"info","message":"Environment: development","timestamp":"2025-06-06 02:08:48"}
{"level":"info","message":"Server URL: http://localhost:3000","timestamp":"2025-06-06 02:08:48"}
{"level":"info","message":"::1 - - [05/Jun/2025:20:39:06 +0000] \"POST /api/chat/portfolio-assistant HTTP/1.1\" 200 1576 \"http://localhost:5173/\" \"Mozilla/5.0 (Windows NT 10.0; Win64; x64) AppleWebKit/537.36 (KHTML, like Gecko) Chrome/137.0.0.0 Safari/537.36\"","timestamp":"2025-06-06 02:09:06"}
{"level":"info","message":"::1 - - [05/Jun/2025:20:49:02 +0000] \"POST /api/chat/portfolio-assistant HTTP/1.1\" 200 891 \"http://localhost:5173/\" \"Mozilla/5.0 (Windows NT 10.0; Win64; x64) AppleWebKit/537.36 (KHTML, like Gecko) Chrome/137.0.0.0 Safari/537.36\"","timestamp":"2025-06-06 02:19:02"}
{"level":"info","message":"::1 - - [05/Jun/2025:20:55:33 +0000] \"POST /api/chat/portfolio-assistant HTTP/1.1\" 200 743 \"http://localhost:5173/\" \"Mozilla/5.0 (Windows NT 10.0; Win64; x64) AppleWebKit/537.36 (KHTML, like Gecko) Chrome/137.0.0.0 Safari/537.36\"","timestamp":"2025-06-06 02:25:33"}
{"level":"info","message":"::1 - - [05/Jun/2025:20:56:13 +0000] \"POST /api/chat/portfolio-assistant HTTP/1.1\" 200 1037 \"http://localhost:5173/\" \"Mozilla/5.0 (Windows NT 10.0; Win64; x64) AppleWebKit/537.36 (KHTML, like Gecko) Chrome/137.0.0.0 Safari/537.36\"","timestamp":"2025-06-06 02:26:13"}
{"level":"info","message":"::1 - - [05/Jun/2025:21:03:00 +0000] \"POST /api/chat/portfolio-assistant HTTP/1.1\" 200 280 \"http://localhost:5173/\" \"Mozilla/5.0 (Windows NT 10.0; Win64; x64) AppleWebKit/537.36 (KHTML, like Gecko) Chrome/137.0.0.0 Safari/537.36\"","timestamp":"2025-06-06 02:33:00"}
{"level":"info","message":"::1 - - [05/Jun/2025:21:03:40 +0000] \"POST /api/chat/portfolio-assistant HTTP/1.1\" 200 883 \"http://localhost:5173/\" \"Mozilla/5.0 (Windows NT 10.0; Win64; x64) AppleWebKit/537.36 (KHTML, like Gecko) Chrome/137.0.0.0 Safari/537.36\"","timestamp":"2025-06-06 02:33:40"}
{"level":"info","message":"::1 - - [05/Jun/2025:21:09:09 +0000] \"POST /api/chat/portfolio-assistant HTTP/1.1\" 200 1713 \"http://localhost:5173/\" \"Mozilla/5.0 (Windows NT 10.0; Win64; x64) AppleWebKit/537.36 (KHTML, like Gecko) Chrome/137.0.0.0 Safari/537.36\"","timestamp":"2025-06-06 02:39:09"}
{"level":"info","message":"::1 - - [05/Jun/2025:21:09:52 +0000] \"POST /api/chat/portfolio-assistant HTTP/1.1\" 200 1587 \"http://localhost:5173/\" \"Mozilla/5.0 (Windows NT 10.0; Win64; x64) AppleWebKit/537.36 (KHTML, like Gecko) Chrome/137.0.0.0 Safari/537.36\"","timestamp":"2025-06-06 02:39:52"}
{"level":"info","message":"::1 - - [05/Jun/2025:21:12:19 +0000] \"POST /api/chat/portfolio-assistant HTTP/1.1\" 200 2125 \"http://localhost:5173/\" \"Mozilla/5.0 (Windows NT 10.0; Win64; x64) AppleWebKit/537.36 (KHTML, like Gecko) Chrome/137.0.0.0 Safari/537.36\"","timestamp":"2025-06-06 02:42:19"}
{"level":"info","message":"::1 - - [05/Jun/2025:21:23:13 +0000] \"POST /api/chat/portfolio-assistant HTTP/1.1\" 200 998 \"http://localhost:5173/\" \"Mozilla/5.0 (Windows NT 10.0; Win64; x64) AppleWebKit/537.36 (KHTML, like Gecko) Chrome/137.0.0.0 Safari/537.36\"","timestamp":"2025-06-06 02:53:13"}
{"level":"info","message":"::1 - - [05/Jun/2025:21:23:45 +0000] \"POST /api/chat/portfolio-assistant HTTP/1.1\" 200 1028 \"http://localhost:5173/\" \"Mozilla/5.0 (Windows NT 10.0; Win64; x64) AppleWebKit/537.36 (KHTML, like Gecko) Chrome/137.0.0.0 Safari/537.36\"","timestamp":"2025-06-06 02:53:45"}
{"level":"info","message":"::1 - - [05/Jun/2025:21:24:46 +0000] \"POST /api/chat/portfolio-assistant HTTP/1.1\" 200 823 \"http://localhost:5173/\" \"Mozilla/5.0 (Windows NT 10.0; Win64; x64) AppleWebKit/537.36 (KHTML, like Gecko) Chrome/137.0.0.0 Safari/537.36\"","timestamp":"2025-06-06 02:54:46"}
{"level":"info","message":"::1 - - [05/Jun/2025:21:33:16 +0000] \"POST /api/chat/portfolio-assistant HTTP/1.1\" 200 632 \"http://localhost:5173/\" \"Mozilla/5.0 (Windows NT 10.0; Win64; x64) AppleWebKit/537.36 (KHTML, like Gecko) Chrome/137.0.0.0 Safari/537.36\"","timestamp":"2025-06-06 03:03:16"}
{"level":"info","message":"::1 - - [06/Jun/2025:03:02:02 +0000] \"POST /api/chat/portfolio-assistant HTTP/1.1\" 200 800 \"http://localhost:5173/\" \"Mozilla/5.0 (Windows NT 10.0; Win64; x64) AppleWebKit/537.36 (KHTML, like Gecko) Chrome/137.0.0.0 Safari/537.36\"","timestamp":"2025-06-06 08:32:02"}
{"level":"info","message":"Server started on port 3000","timestamp":"2025-06-06 08:35:16"}
{"level":"info","message":"Environment: development","timestamp":"2025-06-06 08:35:16"}
{"level":"info","message":"Server URL: http://localhost:3000","timestamp":"2025-06-06 08:35:16"}
{"level":"info","message":"Server started on port 3000","timestamp":"2025-06-06 08:35:24"}
{"level":"info","message":"Environment: development","timestamp":"2025-06-06 08:35:24"}
{"level":"info","message":"Server URL: http://localhost:3000","timestamp":"2025-06-06 08:35:24"}
{"level":"info","message":"Server started on port 3000","timestamp":"2025-06-06 08:35:30"}
{"level":"info","message":"Environment: development","timestamp":"2025-06-06 08:35:30"}
{"level":"info","message":"Server URL: http://localhost:3000","timestamp":"2025-06-06 08:35:30"}
{"level":"info","message":"::1 - - [06/Jun/2025:03:06:02 +0000] \"POST /api/chat HTTP/1.1\" 200 124 \"http://localhost:5173/\" \"Mozilla/5.0 (Windows NT 10.0; Win64; x64) AppleWebKit/537.36 (KHTML, like Gecko) Chrome/137.0.0.0 Safari/537.36\"","timestamp":"2025-06-06 08:36:02"}
{"level":"info","message":"::1 - - [06/Jun/2025:03:06:43 +0000] \"POST /api/chat HTTP/1.1\" 200 728 \"http://localhost:5173/\" \"Mozilla/5.0 (Windows NT 10.0; Win64; x64) AppleWebKit/537.36 (KHTML, like Gecko) Chrome/137.0.0.0 Safari/537.36\"","timestamp":"2025-06-06 08:36:43"}
{"level":"info","message":"::1 - - [06/Jun/2025:03:07:02 +0000] \"POST /api/chat/portfolio-assistant HTTP/1.1\" 200 272 \"http://localhost:5173/\" \"Mozilla/5.0 (Windows NT 10.0; Win64; x64) AppleWebKit/537.36 (KHTML, like Gecko) Chrome/137.0.0.0 Safari/537.36\"","timestamp":"2025-06-06 08:37:02"}
{"level":"info","message":"::1 - - [06/Jun/2025:03:07:40 +0000] \"POST /api/chat/portfolio-assistant HTTP/1.1\" 200 277 \"http://localhost:5173/\" \"Mozilla/5.0 (Windows NT 10.0; Win64; x64) AppleWebKit/537.36 (KHTML, like Gecko) Chrome/137.0.0.0 Safari/537.36\"","timestamp":"2025-06-06 08:37:40"}
{"level":"info","message":"Server started on port 3000","timestamp":"2025-06-06 08:37:45"}
{"level":"info","message":"Environment: development","timestamp":"2025-06-06 08:37:45"}
{"level":"info","message":"Server URL: http://localhost:3000","timestamp":"2025-06-06 08:37:45"}
{"level":"info","message":"Server started on port 3000","timestamp":"2025-06-06 08:38:06"}
{"level":"info","message":"Environment: development","timestamp":"2025-06-06 08:38:06"}
{"level":"info","message":"Server URL: http://localhost:3000","timestamp":"2025-06-06 08:38:06"}
{"level":"info","message":"Server started on port 3000","timestamp":"2025-06-06 08:38:08"}
{"level":"info","message":"Environment: development","timestamp":"2025-06-06 08:38:08"}
{"level":"info","message":"Server URL: http://localhost:3000","timestamp":"2025-06-06 08:38:08"}
{"level":"info","message":"Server started on port 3000","timestamp":"2025-06-06 08:40:07"}
{"level":"info","message":"Environment: development","timestamp":"2025-06-06 08:40:07"}
{"level":"info","message":"Server URL: http://localhost:3000","timestamp":"2025-06-06 08:40:07"}
{"level":"info","message":"Server started on port 3000","timestamp":"2025-06-06 08:40:30"}
{"level":"info","message":"Environment: development","timestamp":"2025-06-06 08:40:30"}
{"level":"info","message":"Server URL: http://localhost:3000","timestamp":"2025-06-06 08:40:30"}
{"level":"info","message":"Server started on port 3000","timestamp":"2025-06-06 08:40:32"}
{"level":"info","message":"Environment: development","timestamp":"2025-06-06 08:40:32"}
{"level":"info","message":"Server URL: http://localhost:3000","timestamp":"2025-06-06 08:40:32"}
{"level":"info","message":"Server started on port 3000","timestamp":"2025-06-06 08:40:36"}
{"level":"info","message":"Environment: development","timestamp":"2025-06-06 08:40:36"}
{"level":"info","message":"Server URL: http://localhost:3000","timestamp":"2025-06-06 08:40:36"}
{"level":"info","message":"Server started on port 3000","timestamp":"2025-06-06 08:40:58"}
{"level":"info","message":"Environment: development","timestamp":"2025-06-06 08:40:58"}
{"level":"info","message":"Server URL: http://localhost:3000","timestamp":"2025-06-06 08:40:58"}
{"level":"info","message":"Server started on port 3000","timestamp":"2025-06-06 08:41:57"}
{"level":"info","message":"Environment: development","timestamp":"2025-06-06 08:41:57"}
{"level":"info","message":"Server URL: http://localhost:3000","timestamp":"2025-06-06 08:41:57"}
{"level":"info","message":"Server started on port 3000","timestamp":"2025-06-06 08:42:05"}
{"level":"info","message":"Environment: development","timestamp":"2025-06-06 08:42:05"}
{"level":"info","message":"Server URL: http://localhost:3000","timestamp":"2025-06-06 08:42:05"}
{"level":"info","message":"Server started on port 3000","timestamp":"2025-06-06 08:42:15"}
{"level":"info","message":"Environment: development","timestamp":"2025-06-06 08:42:15"}
{"level":"info","message":"Server URL: http://localhost:3000","timestamp":"2025-06-06 08:42:15"}
{"level":"info","message":"::1 - - [06/Jun/2025:03:12:58 +0000] \"POST /api/chat/portfolio-assistant HTTP/1.1\" 200 1103 \"http://localhost:5173/\" \"Mozilla/5.0 (Windows NT 10.0; Win64; x64) AppleWebKit/537.36 (KHTML, like Gecko) Chrome/137.0.0.0 Safari/537.36\"","timestamp":"2025-06-06 08:42:58"}
{"level":"info","message":"::1 - - [06/Jun/2025:03:13:24 +0000] \"POST /api/chat HTTP/1.1\" 200 258 \"http://localhost:5173/\" \"Mozilla/5.0 (Windows NT 10.0; Win64; x64) AppleWebKit/537.36 (KHTML, like Gecko) Chrome/137.0.0.0 Safari/537.36\"","timestamp":"2025-06-06 08:43:24"}
{"level":"info","message":"::1 - - [06/Jun/2025:03:13:53 +0000] \"POST /api/chat HTTP/1.1\" 200 248 \"http://localhost:5173/\" \"Mozilla/5.0 (Windows NT 10.0; Win64; x64) AppleWebKit/537.36 (KHTML, like Gecko) Chrome/137.0.0.0 Safari/537.36\"","timestamp":"2025-06-06 08:43:53"}
{"level":"info","message":"Server started on port 3000","timestamp":"2025-06-06 08:51:22"}
{"level":"info","message":"Environment: development","timestamp":"2025-06-06 08:51:22"}
{"level":"info","message":"Server URL: http://localhost:3000","timestamp":"2025-06-06 08:51:22"}
{"level":"info","message":"::1 - - [06/Jun/2025:03:21:47 +0000] \"POST /api/chat HTTP/1.1\" 200 298 \"http://localhost:5173/\" \"Mozilla/5.0 (Windows NT 10.0; Win64; x64) AppleWebKit/537.36 (KHTML, like Gecko) Chrome/137.0.0.0 Safari/537.36\"","timestamp":"2025-06-06 08:51:47"}
{"level":"info","message":"Server started on port 3000","timestamp":"2025-06-06 08:52:14"}
{"level":"info","message":"Environment: development","timestamp":"2025-06-06 08:52:14"}
{"level":"info","message":"Server URL: http://localhost:3000","timestamp":"2025-06-06 08:52:14"}
{"level":"info","message":"::1 - - [06/Jun/2025:03:22:36 +0000] \"POST /api/chat/portfolio-assistant HTTP/1.1\" 200 1097 \"http://localhost:5173/\" \"Mozilla/5.0 (Windows NT 10.0; Win64; x64) AppleWebKit/537.36 (KHTML, like Gecko) Chrome/137.0.0.0 Safari/537.36\"","timestamp":"2025-06-06 08:52:36"}
{"level":"info","message":"::1 - - [06/Jun/2025:03:22:59 +0000] \"POST /api/chat/portfolio-assistant HTTP/1.1\" 200 2286 \"http://localhost:5173/\" \"Mozilla/5.0 (Windows NT 10.0; Win64; x64) AppleWebKit/537.36 (KHTML, like Gecko) Chrome/137.0.0.0 Safari/537.36\"","timestamp":"2025-06-06 08:52:59"}
{"level":"info","message":"::1 - - [06/Jun/2025:03:36:13 +0000] \"POST /api/chat/portfolio-assistant HTTP/1.1\" 200 1275 \"http://localhost:5173/\" \"Mozilla/5.0 (Windows NT 10.0; Win64; x64) AppleWebKit/537.36 (KHTML, like Gecko) Chrome/137.0.0.0 Safari/537.36\"","timestamp":"2025-06-06 09:06:13"}
{"level":"info","message":"::1 - - [06/Jun/2025:03:36:36 +0000] \"POST /api/chat/portfolio-assistant HTTP/1.1\" 200 1724 \"http://localhost:5173/\" \"Mozilla/5.0 (Windows NT 10.0; Win64; x64) AppleWebKit/537.36 (KHTML, like Gecko) Chrome/137.0.0.0 Safari/537.36\"","timestamp":"2025-06-06 09:06:36"}
{"level":"info","message":"Server started on port 3000","timestamp":"2025-06-06 09:07:50"}
{"level":"info","message":"Environment: development","timestamp":"2025-06-06 09:07:50"}
{"level":"info","message":"Server URL: http://localhost:3000","timestamp":"2025-06-06 09:07:50"}
{"level":"info","message":"Server started on port 3000","timestamp":"2025-06-06 09:10:10"}
{"level":"info","message":"Environment: development","timestamp":"2025-06-06 09:10:10"}
{"level":"info","message":"Server URL: http://localhost:3000","timestamp":"2025-06-06 09:10:10"}
{"level":"info","message":"Server started on port 3000","timestamp":"2025-06-06 09:39:11"}
{"level":"info","message":"Environment: development","timestamp":"2025-06-06 09:39:11"}
{"level":"info","message":"Server URL: http://localhost:3000","timestamp":"2025-06-06 09:39:11"}
{"level":"warn","message":"Unauthorized access attempt from IP: ::1","timestamp":"2025-06-06 09:42:05"}
{"level":"info","message":"::1 - - [06/Jun/2025:04:12:05 +0000] \"POST /api/yt-download HTTP/1.1\" 401 43 \"-\" \"PostmanRuntime/7.44.0\"","timestamp":"2025-06-06 09:42:05"}
{"level":"info","message":"::1 - - [06/Jun/2025:04:12:35 +0000] \"POST /api/yt-download HTTP/1.1\" 400 68 \"-\" \"PostmanRuntime/7.44.0\"","timestamp":"2025-06-06 09:42:35"}
{"level":"info","message":"Server started on port 3000","timestamp":"2025-06-06 09:43:06"}
{"level":"info","message":"Environment: development","timestamp":"2025-06-06 09:43:06"}
{"level":"info","message":"Server URL: http://localhost:3000","timestamp":"2025-06-06 09:43:06"}
{"level":"info","message":"Server started on port 3000","timestamp":"2025-06-06 09:43:25"}
{"level":"info","message":"Environment: development","timestamp":"2025-06-06 09:43:25"}
{"level":"info","message":"Server URL: http://localhost:3000","timestamp":"2025-06-06 09:43:25"}
{"level":"info","message":"::1 - - [06/Jun/2025:04:13:35 +0000] \"POST /api/yt-download HTTP/1.1\" 400 68 \"-\" \"PostmanRuntime/7.44.0\"","timestamp":"2025-06-06 09:43:35"}
{"level":"info","message":"Server started on port 3000","timestamp":"2025-06-06 09:46:28"}
{"level":"info","message":"Environment: development","timestamp":"2025-06-06 09:46:28"}
{"level":"info","message":"Server URL: http://localhost:3000","timestamp":"2025-06-06 09:46:28"}
{"level":"info","message":"::1 - - [06/Jun/2025:04:16:36 +0000] \"POST /api/yt-download HTTP/1.1\" 400 397 \"-\" \"PostmanRuntime/7.44.0\"","timestamp":"2025-06-06 09:46:36"}
{"level":"info","message":"Server started on port 3000","timestamp":"2025-06-06 09:48:33"}
{"level":"info","message":"Environment: development","timestamp":"2025-06-06 09:48:33"}
{"level":"info","message":"Server URL: http://localhost:3000","timestamp":"2025-06-06 09:48:33"}
{"level":"info","message":"::1 - - [06/Jun/2025:04:18:52 +0000] \"POST /api/yt-download HTTP/1.1\" 200 109 \"-\" \"PostmanRuntime/7.44.0\"","timestamp":"2025-06-06 09:48:52"}
{"level":"info","message":"::1 - - [06/Jun/2025:04:19:10 +0000] \"GET /downloads HTTP/1.1\" 404 46 \"-\" \"Mozilla/5.0 (Windows NT 10.0; Win64; x64) AppleWebKit/537.36 (KHTML, like Gecko) Chrome/137.0.0.0 Safari/537.36\"","timestamp":"2025-06-06 09:49:10"}
{"level":"info","message":"::1 - - [06/Jun/2025:04:19:11 +0000] \"GET /favicon.ico HTTP/1.1\" 404 46 \"-\" \"Mozilla/5.0 (Windows NT 10.0; Win64; x64) AppleWebKit/537.36 (KHTML, like Gecko) Chrome/137.0.0.0 Safari/537.36\"","timestamp":"2025-06-06 09:49:11"}
{"level":"info","message":"::1 - - [06/Jun/2025:04:20:15 +0000] \"POST /api/yt-download HTTP/1.1\" 200 109 \"-\" \"PostmanRuntime/7.44.0\"","timestamp":"2025-06-06 09:50:15"}
{"level":"info","message":"Server started on port 3000","timestamp":"2025-06-06 09:50:44"}
{"level":"info","message":"Environment: development","timestamp":"2025-06-06 09:50:44"}
{"level":"info","message":"Server URL: http://localhost:3000","timestamp":"2025-06-06 09:50:44"}
{"level":"info","message":"Server started on port 3000","timestamp":"2025-06-06 09:50:50"}
{"level":"info","message":"Environment: development","timestamp":"2025-06-06 09:50:50"}
{"level":"info","message":"Server URL: http://localhost:3000","timestamp":"2025-06-06 09:50:50"}
{"level":"info","message":"Server started on port 3000","timestamp":"2025-06-06 09:50:55"}
{"level":"info","message":"Environment: development","timestamp":"2025-06-06 09:50:55"}
{"level":"info","message":"Server URL: http://localhost:3000","timestamp":"2025-06-06 09:50:55"}
{"level":"info","message":"::1 - - [06/Jun/2025:04:21:13 +0000] \"POST /api/yt-download HTTP/1.1\" 200 110 \"-\" \"PostmanRuntime/7.44.0\"","timestamp":"2025-06-06 09:51:13"}
{"level":"info","message":"Server started on port 3000","timestamp":"2025-06-06 09:54:50"}
{"level":"info","message":"Environment: development","timestamp":"2025-06-06 09:54:50"}
{"level":"info","message":"Server URL: http://localhost:3000","timestamp":"2025-06-06 09:54:50"}
{"level":"info","message":"Server started on port 3000","timestamp":"2025-06-06 10:02:12"}
{"level":"info","message":"Environment: development","timestamp":"2025-06-06 10:02:12"}
{"level":"info","message":"Server URL: http://localhost:3000","timestamp":"2025-06-06 10:02:12"}
{"level":"info","message":"Server started on port 3000","timestamp":"2025-06-06 10:02:13"}
{"level":"info","message":"Environment: development","timestamp":"2025-06-06 10:02:13"}
{"level":"info","message":"Server URL: http://localhost:3000","timestamp":"2025-06-06 10:02:13"}
{"level":"info","message":"Server started on port 3000","timestamp":"2025-06-06 10:02:15"}
{"level":"info","message":"Environment: development","timestamp":"2025-06-06 10:02:15"}
{"level":"info","message":"Server URL: http://localhost:3000","timestamp":"2025-06-06 10:02:15"}
{"level":"info","message":"Server started on port 3000","timestamp":"2025-06-06 10:02:35"}
{"level":"info","message":"Environment: development","timestamp":"2025-06-06 10:02:35"}
{"level":"info","message":"Server URL: http://localhost:3000","timestamp":"2025-06-06 10:02:35"}
{"level":"info","message":"Server started on port 3000","timestamp":"2025-06-06 10:02:40"}
{"level":"info","message":"Environment: development","timestamp":"2025-06-06 10:02:40"}
{"level":"info","message":"Server URL: http://localhost:3000","timestamp":"2025-06-06 10:02:40"}
{"level":"info","message":"::1 - - [06/Jun/2025:04:33:06 +0000] \"POST /api/yt-download HTTP/1.1\" 200 103 \"-\" \"PostmanRuntime/7.44.0\"","timestamp":"2025-06-06 10:03:06"}
{"level":"info","message":"::1 - - [06/Jun/2025:04:33:12 +0000] \"GET /api/download-file/video.mp4 HTTP/1.1\" 404 50 \"-\" \"Mozilla/5.0 (Windows NT 10.0; Win64; x64) AppleWebKit/537.36 (KHTML, like Gecko) Chrome/137.0.0.0 Safari/537.36\"","timestamp":"2025-06-06 10:03:12"}
{"level":"info","message":"::1 - - [06/Jun/2025:04:44:22 +0000] \"POST /api/yt-download HTTP/1.1\" 200 103 \"http://localhost:5173/\" \"Mozilla/5.0 (Windows NT 10.0; Win64; x64) AppleWebKit/537.36 (KHTML, like Gecko) Chrome/137.0.0.0 Safari/537.36\"","timestamp":"2025-06-06 10:14:22"}
{"level":"info","message":"::1 - - [06/Jun/2025:04:52:03 +0000] \"POST /api/yt-download HTTP/1.1\" 200 103 \"http://localhost:5173/\" \"Mozilla/5.0 (Windows NT 10.0; Win64; x64) AppleWebKit/537.36 (KHTML, like Gecko) Chrome/137.0.0.0 Safari/537.36\"","timestamp":"2025-06-06 10:22:03"}
{"level":"info","message":"::1 - - [06/Jun/2025:04:53:24 +0000] \"GET /api/download-file/video.mp4 HTTP/1.1\" 404 50 \"-\" \"Mozilla/5.0 (Windows NT 10.0; Win64; x64) AppleWebKit/537.36 (KHTML, like Gecko) Chrome/137.0.0.0 Safari/537.36\"","timestamp":"2025-06-06 10:23:24"}
{"level":"info","message":"Server started on port 3000","timestamp":"2025-06-06 10:25:23"}
{"level":"info","message":"Environment: development","timestamp":"2025-06-06 10:25:23"}
{"level":"info","message":"Server URL: http://localhost:3000","timestamp":"2025-06-06 10:25:23"}
{"level":"info","message":"::1 - - [06/Jun/2025:04:55:38 +0000] \"POST /api/yt-download HTTP/1.1\" 400 3557 \"-\" \"PostmanRuntime/7.44.0\"","timestamp":"2025-06-06 10:25:38"}
{"level":"info","message":"Server started on port 3000","timestamp":"2025-06-06 10:26:20"}
{"level":"info","message":"Environment: development","timestamp":"2025-06-06 10:26:20"}
{"level":"info","message":"Server URL: http://localhost:3000","timestamp":"2025-06-06 10:26:20"}
{"level":"info","message":"::1 - - [06/Jun/2025:04:56:32 +0000] \"POST /api/yt-download HTTP/1.1\" 400 67 \"-\" \"PostmanRuntime/7.44.0\"","timestamp":"2025-06-06 10:26:32"}
{"level":"info","message":"Server started on port 3000","timestamp":"2025-06-06 10:26:59"}
{"level":"info","message":"Environment: development","timestamp":"2025-06-06 10:26:59"}
{"level":"info","message":"Server URL: http://localhost:3000","timestamp":"2025-06-06 10:26:59"}
{"level":"info","message":"::1 - - [06/Jun/2025:04:57:03 +0000] \"POST /api/yt-download HTTP/1.1\" 400 397 \"-\" \"PostmanRuntime/7.44.0\"","timestamp":"2025-06-06 10:27:03"}
{"level":"info","message":"Server started on port 3000","timestamp":"2025-06-06 10:27:09"}
{"level":"info","message":"Environment: development","timestamp":"2025-06-06 10:27:09"}
{"level":"info","message":"Server URL: http://localhost:3000","timestamp":"2025-06-06 10:27:09"}
{"level":"info","message":"::1 - - [06/Jun/2025:04:57:13 +0000] \"POST /api/yt-download HTTP/1.1\" 400 397 \"-\" \"PostmanRuntime/7.44.0\"","timestamp":"2025-06-06 10:27:13"}
{"level":"info","message":"Server started on port 3000","timestamp":"2025-06-06 10:27:30"}
{"level":"info","message":"Environment: development","timestamp":"2025-06-06 10:27:30"}
{"level":"info","message":"Server URL: http://localhost:3000","timestamp":"2025-06-06 10:27:30"}
{"level":"info","message":"Server started on port 3000","timestamp":"2025-06-06 10:27:34"}
{"level":"info","message":"Environment: development","timestamp":"2025-06-06 10:27:34"}
{"level":"info","message":"Server URL: http://localhost:3000","timestamp":"2025-06-06 10:27:34"}
{"level":"info","message":"Server started on port 3000","timestamp":"2025-06-06 10:28:17"}
{"level":"info","message":"Environment: development","timestamp":"2025-06-06 10:28:17"}
{"level":"info","message":"Server URL: http://localhost:3000","timestamp":"2025-06-06 10:28:17"}
{"level":"info","message":"Server started on port 3000","timestamp":"2025-06-06 10:28:21"}
{"level":"info","message":"Environment: development","timestamp":"2025-06-06 10:28:21"}
{"level":"info","message":"Server URL: http://localhost:3000","timestamp":"2025-06-06 10:28:21"}
{"level":"info","message":"Server started on port 3000","timestamp":"2025-06-06 10:28:37"}
{"level":"info","message":"Environment: development","timestamp":"2025-06-06 10:28:37"}
{"level":"info","message":"Server URL: http://localhost:3000","timestamp":"2025-06-06 10:28:37"}
{"level":"info","message":"::1 - - [06/Jun/2025:04:58:49 +0000] \"POST /api/yt-download HTTP/1.1\" 200 103 \"-\" \"PostmanRuntime/7.44.0\"","timestamp":"2025-06-06 10:28:49"}
{"level":"info","message":"Server started on port 3000","timestamp":"2025-06-06 10:31:25"}
{"level":"info","message":"Environment: development","timestamp":"2025-06-06 10:31:25"}
{"level":"info","message":"Server URL: http://localhost:3000","timestamp":"2025-06-06 10:31:25"}
{"level":"info","message":"Server started on port 3000","timestamp":"2025-06-06 10:31:41"}
{"level":"info","message":"Environment: development","timestamp":"2025-06-06 10:31:41"}
{"level":"info","message":"Server URL: http://localhost:3000","timestamp":"2025-06-06 10:31:41"}
{"level":"info","message":"Server started on port 3000","timestamp":"2025-06-06 10:31:43"}
{"level":"info","message":"Environment: development","timestamp":"2025-06-06 10:31:43"}
{"level":"info","message":"Server URL: http://localhost:3000","timestamp":"2025-06-06 10:31:43"}
{"level":"info","message":"Server started on port 3000","timestamp":"2025-06-06 10:31:44"}
{"level":"info","message":"Environment: development","timestamp":"2025-06-06 10:31:44"}
{"level":"info","message":"Server URL: http://localhost:3000","timestamp":"2025-06-06 10:31:44"}
{"level":"info","message":"::1 - - [06/Jun/2025:05:01:57 +0000] \"POST /api/yt-download HTTP/1.1\" 200 103 \"-\" \"PostmanRuntime/7.44.0\"","timestamp":"2025-06-06 10:31:57"}
{"level":"info","message":"::1 - - [06/Jun/2025:05:02:09 +0000] \"POST /api/yt-download HTTP/1.1\" 200 103 \"http://localhost:5173/\" \"Mozilla/5.0 (Windows NT 10.0; Win64; x64) AppleWebKit/537.36 (KHTML, like Gecko) Chrome/137.0.0.0 Safari/537.36\"","timestamp":"2025-06-06 10:32:09"}
{"level":"info","message":"Server started on port 3000","timestamp":"2025-06-06 10:32:36"}
{"level":"info","message":"Environment: development","timestamp":"2025-06-06 10:32:36"}
{"level":"info","message":"Server URL: http://localhost:3000","timestamp":"2025-06-06 10:32:36"}
{"level":"info","message":"Server started on port 3000","timestamp":"2025-06-06 10:32:53"}
{"level":"info","message":"Environment: development","timestamp":"2025-06-06 10:32:53"}
{"level":"info","message":"Server URL: http://localhost:3000","timestamp":"2025-06-06 10:32:53"}
{"level":"info","message":"::1 - - [06/Jun/2025:05:03:05 +0000] \"POST /api/yt-download HTTP/1.1\" 400 61 \"http://localhost:5173/\" \"Mozilla/5.0 (Windows NT 10.0; Win64; x64) AppleWebKit/537.36 (KHTML, like Gecko) Chrome/137.0.0.0 Safari/537.36\"","timestamp":"2025-06-06 10:33:05"}
{"level":"info","message":"::1 - - [06/Jun/2025:05:03:15 +0000] \"POST /api/yt-download HTTP/1.1\" 400 61 \"-\" \"PostmanRuntime/7.44.0\"","timestamp":"2025-06-06 10:33:15"}
{"level":"info","message":"Server started on port 3000","timestamp":"2025-06-06 10:37:31"}
{"level":"info","message":"Environment: development","timestamp":"2025-06-06 10:37:31"}
{"level":"info","message":"Server URL: http://localhost:3000","timestamp":"2025-06-06 10:37:31"}
{"level":"info","message":"Server started on port 3000","timestamp":"2025-06-06 10:38:15"}
{"level":"info","message":"Environment: development","timestamp":"2025-06-06 10:38:15"}
{"level":"info","message":"Server URL: http://localhost:3000","timestamp":"2025-06-06 10:38:15"}
{"level":"info","message":"Server started on port 3000","timestamp":"2025-06-06 10:38:43"}
{"level":"info","message":"Environment: development","timestamp":"2025-06-06 10:38:43"}
{"level":"info","message":"Server URL: http://localhost:3000","timestamp":"2025-06-06 10:38:43"}
{"level":"info","message":"Server started on port 3000","timestamp":"2025-06-06 10:40:16"}
{"level":"info","message":"Environment: development","timestamp":"2025-06-06 10:40:16"}
{"level":"info","message":"Server URL: http://localhost:3000","timestamp":"2025-06-06 10:40:16"}
{"level":"info","message":"::1 - - [06/Jun/2025:05:10:24 +0000] \"POST /api/yt-download HTTP/1.1\" 400 565 \"-\" \"PostmanRuntime/7.44.0\"","timestamp":"2025-06-06 10:40:24"}
{"level":"info","message":"Server started on port 3000","timestamp":"2025-06-06 10:40:48"}
{"level":"info","message":"Environment: development","timestamp":"2025-06-06 10:40:48"}
{"level":"info","message":"Server URL: http://localhost:3000","timestamp":"2025-06-06 10:40:48"}
{"level":"info","message":"Server started on port 3000","timestamp":"2025-06-06 10:40:56"}
{"level":"info","message":"Environment: development","timestamp":"2025-06-06 10:40:56"}
{"level":"info","message":"Server URL: http://localhost:3000","timestamp":"2025-06-06 10:40:56"}
{"level":"info","message":"::1 - - [06/Jun/2025:05:11:06 +0000] \"POST /api/yt-download HTTP/1.1\" 400 61 \"-\" \"PostmanRuntime/7.44.0\"","timestamp":"2025-06-06 10:41:06"}
{"level":"info","message":"Server started on port 3000","timestamp":"2025-06-06 10:41:12"}
{"level":"info","message":"Environment: development","timestamp":"2025-06-06 10:41:12"}
{"level":"info","message":"Server URL: http://localhost:3000","timestamp":"2025-06-06 10:41:12"}
{"level":"info","message":"Server started on port 3000","timestamp":"2025-06-06 10:41:13"}
{"level":"info","message":"Environment: development","timestamp":"2025-06-06 10:41:13"}
{"level":"info","message":"Server URL: http://localhost:3000","timestamp":"2025-06-06 10:41:13"}
{"level":"info","message":"Server started on port 3000","timestamp":"2025-06-06 10:41:18"}
{"level":"info","message":"Environment: development","timestamp":"2025-06-06 10:41:18"}
{"level":"info","message":"Server URL: http://localhost:3000","timestamp":"2025-06-06 10:41:18"}
{"level":"info","message":"::1 - - [06/Jun/2025:05:11:26 +0000] \"POST /api/yt-download HTTP/1.1\" 400 3507 \"-\" \"PostmanRuntime/7.44.0\"","timestamp":"2025-06-06 10:41:26"}
{"level":"info","message":"Server started on port 3000","timestamp":"2025-06-06 10:41:42"}
{"level":"info","message":"Environment: development","timestamp":"2025-06-06 10:41:42"}
{"level":"info","message":"Server URL: http://localhost:3000","timestamp":"2025-06-06 10:41:42"}
{"level":"info","message":"Server started on port 3000","timestamp":"2025-06-06 10:41:49"}
{"level":"info","message":"Environment: development","timestamp":"2025-06-06 10:41:49"}
{"level":"info","message":"Server URL: http://localhost:3000","timestamp":"2025-06-06 10:41:49"}
{"level":"info","message":"::1 - - [06/Jun/2025:05:11:52 +0000] \"POST /api/yt-download HTTP/1.1\" 400 397 \"-\" \"PostmanRuntime/7.44.0\"","timestamp":"2025-06-06 10:41:52"}
{"level":"info","message":"Server started on port 3000","timestamp":"2025-06-06 10:42:01"}
{"level":"info","message":"Environment: development","timestamp":"2025-06-06 10:42:01"}
{"level":"info","message":"Server URL: http://localhost:3000","timestamp":"2025-06-06 10:42:01"}
{"level":"info","message":"::1 - - [06/Jun/2025:05:12:03 +0000] \"POST /api/yt-download HTTP/1.1\" 400 397 \"-\" \"PostmanRuntime/7.44.0\"","timestamp":"2025-06-06 10:42:03"}
{"level":"info","message":"Server started on port 3000","timestamp":"2025-06-06 10:42:09"}
{"level":"info","message":"Environment: development","timestamp":"2025-06-06 10:42:09"}
{"level":"info","message":"Server URL: http://localhost:3000","timestamp":"2025-06-06 10:42:09"}
{"level":"info","message":"Server started on port 3000","timestamp":"2025-06-06 10:42:18"}
{"level":"info","message":"Environment: development","timestamp":"2025-06-06 10:42:18"}
{"level":"info","message":"Server URL: http://localhost:3000","timestamp":"2025-06-06 10:42:18"}
{"level":"info","message":"::1 - - [06/Jun/2025:05:12:21 +0000] \"POST /api/yt-download HTTP/1.1\" 400 397 \"-\" \"PostmanRuntime/7.44.0\"","timestamp":"2025-06-06 10:42:21"}
{"level":"info","message":"Server started on port 3000","timestamp":"2025-06-06 10:42:34"}
{"level":"info","message":"Environment: development","timestamp":"2025-06-06 10:42:34"}
{"level":"info","message":"Server URL: http://localhost:3000","timestamp":"2025-06-06 10:42:34"}
{"level":"info","message":"::1 - - [06/Jun/2025:05:12:38 +0000] \"POST /api/yt-download HTTP/1.1\" 400 397 \"-\" \"PostmanRuntime/7.44.0\"","timestamp":"2025-06-06 10:42:38"}
{"level":"info","message":"Server started on port 3000","timestamp":"2025-06-06 10:43:35"}
{"level":"info","message":"Environment: development","timestamp":"2025-06-06 10:43:35"}
{"level":"info","message":"Server URL: http://localhost:3000","timestamp":"2025-06-06 10:43:35"}
{"level":"info","message":"::1 - - [06/Jun/2025:05:13:53 +0000] \"POST /api/yt-download HTTP/1.1\" 200 340 \"-\" \"PostmanRuntime/7.44.0\"","timestamp":"2025-06-06 10:43:53"}
{"level":"info","message":"::1 - - [06/Jun/2025:05:14:15 +0000] \"GET /api/download-file/Why%20is%20India%20holding%20its%20next%20census%20after%20a%2015-year%20gap%2C%20starting%20in%202026%20%23census2025%20%23shorts.mp4 HTTP/1.1\" 404 50 \"-\" \"Mozilla/5.0 (Windows NT 10.0; Win64; x64) AppleWebKit/537.36 (KHTML, like Gecko) Chrome/137.0.0.0 Safari/537.36\"","timestamp":"2025-06-06 10:44:15"}
{"level":"info","message":"::1 - - [06/Jun/2025:05:14:50 +0000] \"POST /api/yt-download HTTP/1.1\" 200 340 \"http://localhost:5173/\" \"Mozilla/5.0 (Windows NT 10.0; Win64; x64) AppleWebKit/537.36 (KHTML, like Gecko) Chrome/137.0.0.0 Safari/537.36\"","timestamp":"2025-06-06 10:44:50"}
{"level":"info","message":"Server started on port 3000","timestamp":"2025-06-06 10:46:05"}
{"level":"info","message":"Environment: development","timestamp":"2025-06-06 10:46:05"}
{"level":"info","message":"Server URL: http://localhost:3000","timestamp":"2025-06-06 10:46:05"}
{"level":"info","message":"::1 - - [06/Jun/2025:05:19:13 +0000] \"POST /api/yt-download HTTP/1.1\" 200 352 \"http://localhost:5173/\" \"Mozilla/5.0 (Windows NT 10.0; Win64; x64) AppleWebKit/537.36 (KHTML, like Gecko) Chrome/137.0.0.0 Safari/537.36\"","timestamp":"2025-06-06 10:49:13"}
{"level":"info","message":"::1 - - [06/Jun/2025:05:19:17 +0000] \"GET /api/download-file/Why%20is%20India%20holding%20its%20next%20census%20after%20a%2015-year%20gap%2C%20starting%20in%202026%EF%BC%9F%20%23census2025%20%23shorts.mp4 HTTP/1.1\" 404 50 \"http://localhost:5173/\" \"Mozilla/5.0 (Windows NT 10.0; Win64; x64) AppleWebKit/537.36 (KHTML, like Gecko) Chrome/137.0.0.0 Safari/537.36\"","timestamp":"2025-06-06 10:49:17"}
{"level":"info","message":"::1 - - [06/Jun/2025:05:19:20 +0000] \"GET /api/download-file/Why%20is%20India%20holding%20its%20next%20census%20after%20a%2015-year%20gap%2C%20starting%20in%202026%EF%BC%9F%20%23census2025%20%23shorts.mp4 HTTP/1.1\" 404 50 \"http://localhost:5173/\" \"Mozilla/5.0 (Windows NT 10.0; Win64; x64) AppleWebKit/537.36 (KHTML, like Gecko) Chrome/137.0.0.0 Safari/537.36\"","timestamp":"2025-06-06 10:49:20"}
{"level":"info","message":"::1 - - [06/Jun/2025:05:19:27 +0000] \"GET /api/download-file/Why%20is%20India%20holding%20its%20next%20census%20after%20a%2015-year%20gap%2C%20starting%20in%202026%EF%BC%9F%20%23census2025%20%23shorts.mp4 HTTP/1.1\" 404 50 \"http://localhost:5173/\" \"Mozilla/5.0 (Windows NT 10.0; Win64; x64) AppleWebKit/537.36 (KHTML, like Gecko) Chrome/137.0.0.0 Safari/537.36\"","timestamp":"2025-06-06 10:49:27"}
{"level":"info","message":"::1 - - [06/Jun/2025:05:19:41 +0000] \"POST /api/yt-download HTTP/1.1\" 200 352 \"-\" \"PostmanRuntime/7.44.0\"","timestamp":"2025-06-06 10:49:41"}
{"level":"info","message":"Server started on port 3000","timestamp":"2025-06-06 10:51:04"}
{"level":"info","message":"Environment: development","timestamp":"2025-06-06 10:51:04"}
{"level":"info","message":"Server URL: http://localhost:3000","timestamp":"2025-06-06 10:51:04"}
{"level":"info","message":"Server started on port 3000","timestamp":"2025-06-06 10:51:13"}
{"level":"info","message":"Environment: development","timestamp":"2025-06-06 10:51:13"}
{"level":"info","message":"Server URL: http://localhost:3000","timestamp":"2025-06-06 10:51:13"}
{"level":"info","message":"::1 - - [06/Jun/2025:05:21:39 +0000] \"POST /api/yt-download HTTP/1.1\" 200 352 \"http://localhost:5173/\" \"Mozilla/5.0 (Windows NT 10.0; Win64; x64) AppleWebKit/537.36 (KHTML, like Gecko) Chrome/137.0.0.0 Safari/537.36\"","timestamp":"2025-06-06 10:51:39"}
{"level":"error","message":"TypeError [ERR_INVALID_CHAR]: Invalid character in header content [\"Content-Disposition\"]\n    at ServerResponse.setHeader (node:_http_outgoing:655:3)\n    at serveFile (F:\\personl\\Projects-code\\portfolio\\newBackend\\controllers\\video.downloader.controller.js:151:13)\n    at Layer.handle [as handle_request] (F:\\personl\\Projects-code\\portfolio\\newBackend\\node_modules\\express\\lib\\router\\layer.js:95:5)\n    at next (F:\\personl\\Projects-code\\portfolio\\newBackend\\node_modules\\express\\lib\\router\\route.js:149:13)\n    at Route.dispatch (F:\\personl\\Projects-code\\portfolio\\newBackend\\node_modules\\express\\lib\\router\\route.js:119:3)\n    at Layer.handle [as handle_request] (F:\\personl\\Projects-code\\portfolio\\newBackend\\node_modules\\express\\lib\\router\\layer.js:95:5)\n    at F:\\personl\\Projects-code\\portfolio\\newBackend\\node_modules\\express\\lib\\router\\index.js:284:15\n    at param (F:\\personl\\Projects-code\\portfolio\\newBackend\\node_modules\\express\\lib\\router\\index.js:365:14)\n    at param (F:\\personl\\Projects-code\\portfolio\\newBackend\\node_modules\\express\\lib\\router\\index.js:376:14)","timestamp":"2025-06-06 10:51:41"}
{"level":"info","message":"::1 - - [06/Jun/2025:05:21:41 +0000] \"GET /api/download-file/Why%20is%20India%20holding%20its%20next%20census%20after%20a%2015-year%20gap%2C%20starting%20in%202026%EF%BC%9F%20%23census2025%20%23shorts.mp4 HTTP/1.1\" 500 1216 \"http://localhost:5173/\" \"Mozilla/5.0 (Windows NT 10.0; Win64; x64) AppleWebKit/537.36 (KHTML, like Gecko) Chrome/137.0.0.0 Safari/537.36\"","timestamp":"2025-06-06 10:51:41"}
{"level":"error","message":"TypeError [ERR_INVALID_CHAR]: Invalid character in header content [\"Content-Disposition\"]\n    at ServerResponse.setHeader (node:_http_outgoing:655:3)\n    at serveFile (F:\\personl\\Projects-code\\portfolio\\newBackend\\controllers\\video.downloader.controller.js:151:13)\n    at Layer.handle [as handle_request] (F:\\personl\\Projects-code\\portfolio\\newBackend\\node_modules\\express\\lib\\router\\layer.js:95:5)\n    at next (F:\\personl\\Projects-code\\portfolio\\newBackend\\node_modules\\express\\lib\\router\\route.js:149:13)\n    at Route.dispatch (F:\\personl\\Projects-code\\portfolio\\newBackend\\node_modules\\express\\lib\\router\\route.js:119:3)\n    at Layer.handle [as handle_request] (F:\\personl\\Projects-code\\portfolio\\newBackend\\node_modules\\express\\lib\\router\\layer.js:95:5)\n    at F:\\personl\\Projects-code\\portfolio\\newBackend\\node_modules\\express\\lib\\router\\index.js:284:15\n    at param (F:\\personl\\Projects-code\\portfolio\\newBackend\\node_modules\\express\\lib\\router\\index.js:365:14)\n    at param (F:\\personl\\Projects-code\\portfolio\\newBackend\\node_modules\\express\\lib\\router\\index.js:376:14)","timestamp":"2025-06-06 10:51:43"}
{"level":"info","message":"::1 - - [06/Jun/2025:05:21:43 +0000] \"GET /api/download-file/Why%20is%20India%20holding%20its%20next%20census%20after%20a%2015-year%20gap%2C%20starting%20in%202026%EF%BC%9F%20%23census2025%20%23shorts.mp4 HTTP/1.1\" 500 1216 \"http://localhost:5173/\" \"Mozilla/5.0 (Windows NT 10.0; Win64; x64) AppleWebKit/537.36 (KHTML, like Gecko) Chrome/137.0.0.0 Safari/537.36\"","timestamp":"2025-06-06 10:51:43"}
{"level":"error","message":"TypeError [ERR_INVALID_CHAR]: Invalid character in header content [\"Content-Disposition\"]\n    at ServerResponse.setHeader (node:_http_outgoing:655:3)\n    at serveFile (F:\\personl\\Projects-code\\portfolio\\newBackend\\controllers\\video.downloader.controller.js:151:13)\n    at Layer.handle [as handle_request] (F:\\personl\\Projects-code\\portfolio\\newBackend\\node_modules\\express\\lib\\router\\layer.js:95:5)\n    at next (F:\\personl\\Projects-code\\portfolio\\newBackend\\node_modules\\express\\lib\\router\\route.js:149:13)\n    at Route.dispatch (F:\\personl\\Projects-code\\portfolio\\newBackend\\node_modules\\express\\lib\\router\\route.js:119:3)\n    at Layer.handle [as handle_request] (F:\\personl\\Projects-code\\portfolio\\newBackend\\node_modules\\express\\lib\\router\\layer.js:95:5)\n    at F:\\personl\\Projects-code\\portfolio\\newBackend\\node_modules\\express\\lib\\router\\index.js:284:15\n    at param (F:\\personl\\Projects-code\\portfolio\\newBackend\\node_modules\\express\\lib\\router\\index.js:365:14)\n    at param (F:\\personl\\Projects-code\\portfolio\\newBackend\\node_modules\\express\\lib\\router\\index.js:376:14)","timestamp":"2025-06-06 10:53:53"}
{"level":"info","message":"::1 - - [06/Jun/2025:05:23:53 +0000] \"GET /api/download-file/Why%20is%20India%20holding%20its%20next%20census%20after%20a%2015-year%20gap%2C%20starting%20in%202026%EF%BC%9F%20%23census2025%20%23shorts.mp4 HTTP/1.1\" 500 1216 \"-\" \"Mozilla/5.0 (Windows NT 10.0; Win64; x64) AppleWebKit/537.36 (KHTML, like Gecko) Chrome/137.0.0.0 Safari/537.36\"","timestamp":"2025-06-06 10:53:53"}
{"level":"error","message":"TypeError [ERR_INVALID_CHAR]: Invalid character in header content [\"Content-Disposition\"]\n    at ServerResponse.setHeader (node:_http_outgoing:655:3)\n    at serveFile (F:\\personl\\Projects-code\\portfolio\\newBackend\\controllers\\video.downloader.controller.js:151:13)\n    at Layer.handle [as handle_request] (F:\\personl\\Projects-code\\portfolio\\newBackend\\node_modules\\express\\lib\\router\\layer.js:95:5)\n    at next (F:\\personl\\Projects-code\\portfolio\\newBackend\\node_modules\\express\\lib\\router\\route.js:149:13)\n    at Route.dispatch (F:\\personl\\Projects-code\\portfolio\\newBackend\\node_modules\\express\\lib\\router\\route.js:119:3)\n    at Layer.handle [as handle_request] (F:\\personl\\Projects-code\\portfolio\\newBackend\\node_modules\\express\\lib\\router\\layer.js:95:5)\n    at F:\\personl\\Projects-code\\portfolio\\newBackend\\node_modules\\express\\lib\\router\\index.js:284:15\n    at param (F:\\personl\\Projects-code\\portfolio\\newBackend\\node_modules\\express\\lib\\router\\index.js:365:14)\n    at param (F:\\personl\\Projects-code\\portfolio\\newBackend\\node_modules\\express\\lib\\router\\index.js:376:14)","timestamp":"2025-06-06 10:54:18"}
{"level":"info","message":"::1 - - [06/Jun/2025:05:24:18 +0000] \"GET /api/download-file/Why%20is%20India%20holding%20its%20next%20census%20after%20a%2015-year%20gap%2C%20starting%20in%202026%EF%BC%9F%20%23census2025%20%23shorts.mp4 HTTP/1.1\" 500 1216 \"-\" \"Mozilla/5.0 (Windows NT 10.0; Win64; x64) AppleWebKit/537.36 (KHTML, like Gecko) Chrome/137.0.0.0 Safari/537.36\"","timestamp":"2025-06-06 10:54:18"}
{"level":"info","message":"::1 - - [06/Jun/2025:05:26:12 +0000] \"POST /api/yt-download HTTP/1.1\" 200 352 \"-\" \"PostmanRuntime/7.44.0\"","timestamp":"2025-06-06 10:56:12"}
{"level":"error","message":"TypeError [ERR_INVALID_CHAR]: Invalid character in header content [\"Content-Disposition\"]\n    at ServerResponse.setHeader (node:_http_outgoing:655:3)\n    at serveFile (F:\\personl\\Projects-code\\portfolio\\newBackend\\controllers\\video.downloader.controller.js:151:13)\n    at Layer.handle [as handle_request] (F:\\personl\\Projects-code\\portfolio\\newBackend\\node_modules\\express\\lib\\router\\layer.js:95:5)\n    at next (F:\\personl\\Projects-code\\portfolio\\newBackend\\node_modules\\express\\lib\\router\\route.js:149:13)\n    at Route.dispatch (F:\\personl\\Projects-code\\portfolio\\newBackend\\node_modules\\express\\lib\\router\\route.js:119:3)\n    at Layer.handle [as handle_request] (F:\\personl\\Projects-code\\portfolio\\newBackend\\node_modules\\express\\lib\\router\\layer.js:95:5)\n    at F:\\personl\\Projects-code\\portfolio\\newBackend\\node_modules\\express\\lib\\router\\index.js:284:15\n    at param (F:\\personl\\Projects-code\\portfolio\\newBackend\\node_modules\\express\\lib\\router\\index.js:365:14)\n    at param (F:\\personl\\Projects-code\\portfolio\\newBackend\\node_modules\\express\\lib\\router\\index.js:376:14)","timestamp":"2025-06-06 10:56:44"}
{"level":"info","message":"::1 - - [06/Jun/2025:05:26:44 +0000] \"GET /api/download-file/Why%20is%20India%20holding%20its%20next%20census%20after%20a%2015-year%20gap%2C%20starting%20in%202026%EF%BC%9F%20%23census2025%20%23shorts.mp4 HTTP/1.1\" 500 1216 \"-\" \"Mozilla/5.0 (Windows NT 10.0; Win64; x64) AppleWebKit/537.36 (KHTML, like Gecko) Chrome/137.0.0.0 Safari/537.36\"","timestamp":"2025-06-06 10:56:44"}
{"level":"info","message":"::1 - - [06/Jun/2025:05:27:45 +0000] \"POST /api/yt-download HTTP/1.1\" 200 352 \"http://localhost:5173/\" \"Mozilla/5.0 (Windows NT 10.0; Win64; x64) AppleWebKit/537.36 (KHTML, like Gecko) Chrome/137.0.0.0 Safari/537.36\"","timestamp":"2025-06-06 10:57:45"}
{"level":"error","message":"TypeError [ERR_INVALID_CHAR]: Invalid character in header content [\"Content-Disposition\"]\n    at ServerResponse.setHeader (node:_http_outgoing:655:3)\n    at serveFile (F:\\personl\\Projects-code\\portfolio\\newBackend\\controllers\\video.downloader.controller.js:151:13)\n    at Layer.handle [as handle_request] (F:\\personl\\Projects-code\\portfolio\\newBackend\\node_modules\\express\\lib\\router\\layer.js:95:5)\n    at next (F:\\personl\\Projects-code\\portfolio\\newBackend\\node_modules\\express\\lib\\router\\route.js:149:13)\n    at Route.dispatch (F:\\personl\\Projects-code\\portfolio\\newBackend\\node_modules\\express\\lib\\router\\route.js:119:3)\n    at Layer.handle [as handle_request] (F:\\personl\\Projects-code\\portfolio\\newBackend\\node_modules\\express\\lib\\router\\layer.js:95:5)\n    at F:\\personl\\Projects-code\\portfolio\\newBackend\\node_modules\\express\\lib\\router\\index.js:284:15\n    at param (F:\\personl\\Projects-code\\portfolio\\newBackend\\node_modules\\express\\lib\\router\\index.js:365:14)\n    at param (F:\\personl\\Projects-code\\portfolio\\newBackend\\node_modules\\express\\lib\\router\\index.js:376:14)","timestamp":"2025-06-06 10:58:04"}
{"level":"info","message":"::1 - - [06/Jun/2025:05:28:04 +0000] \"GET /api/download-file/Why%20is%20India%20holding%20its%20next%20census%20after%20a%2015-year%20gap%2C%20starting%20in%202026%EF%BC%9F%20%23census2025%20%23shorts.mp4 HTTP/1.1\" 500 1216 \"http://localhost:5173/\" \"Mozilla/5.0 (Windows NT 10.0; Win64; x64) AppleWebKit/537.36 (KHTML, like Gecko) Chrome/137.0.0.0 Safari/537.36\"","timestamp":"2025-06-06 10:58:04"}
{"level":"info","message":"Server started on port 3000","timestamp":"2025-06-06 10:59:20"}
{"level":"info","message":"Environment: development","timestamp":"2025-06-06 10:59:20"}
{"level":"info","message":"Server URL: http://localhost:3000","timestamp":"2025-06-06 10:59:20"}
{"level":"info","message":"::1 - - [06/Jun/2025:05:29:36 +0000] \"POST /api/yt-download HTTP/1.1\" 200 352 \"-\" \"PostmanRuntime/7.44.0\"","timestamp":"2025-06-06 10:59:36"}
{"level":"info","message":"Server started on port 3000","timestamp":"2025-06-06 10:59:52"}
{"level":"info","message":"Environment: development","timestamp":"2025-06-06 10:59:52"}
{"level":"info","message":"Server URL: http://localhost:3000","timestamp":"2025-06-06 10:59:52"}
{"level":"info","message":"Server started on port 3000","timestamp":"2025-06-06 11:01:09"}
{"level":"info","message":"Environment: development","timestamp":"2025-06-06 11:01:09"}
{"level":"info","message":"Server URL: http://localhost:3000","timestamp":"2025-06-06 11:01:09"}
{"level":"info","message":"::1 - - [06/Jun/2025:05:31:19 +0000] \"POST /api/yt-download HTTP/1.1\" 400 3536 \"-\" \"PostmanRuntime/7.44.0\"","timestamp":"2025-06-06 11:01:19"}
{"level":"info","message":"Server started on port 3000","timestamp":"2025-06-06 11:01:32"}
{"level":"info","message":"Environment: development","timestamp":"2025-06-06 11:01:32"}
{"level":"info","message":"Server URL: http://localhost:3000","timestamp":"2025-06-06 11:01:32"}
{"level":"info","message":"::1 - - [06/Jun/2025:05:32:19 +0000] \"POST /api/yt-download HTTP/1.1\" 200 174 \"-\" \"PostmanRuntime/7.44.0\"","timestamp":"2025-06-06 11:02:19"}
{"level":"info","message":"Server started on port 3000","timestamp":"2025-06-06 11:06:01"}
{"level":"info","message":"Environment: development","timestamp":"2025-06-06 11:06:01"}
{"level":"info","message":"Server URL: http://localhost:3000","timestamp":"2025-06-06 11:06:01"}
{"level":"info","message":"::1 - - [06/Jun/2025:05:38:17 +0000] \"GET /api/download-file/Why%20is%20India%20holding%20its%20next%20census%20after%20a%2015-year%20gap%2C%20starting%20in%202026%EF%BC%9F%20%23census2025%20%23shorts.mp4 HTTP/1.1\" 500 89 \"http://localhost:5173/\" \"Mozilla/5.0 (Windows NT 10.0; Win64; x64) AppleWebKit/537.36 (KHTML, like Gecko) Chrome/137.0.0.0 Safari/537.36\"","timestamp":"2025-06-06 11:08:17"}
{"level":"info","message":"::1 - - [06/Jun/2025:05:38:26 +0000] \"GET /api/download-file/Never%20Trusting%20Apple%20Again.mp4 HTTP/1.1\" 200 4481663 \"-\" \"Mozilla/5.0 (Windows NT 10.0; Win64; x64) AppleWebKit/537.36 (KHTML, like Gecko) Chrome/137.0.0.0 Safari/537.36\"","timestamp":"2025-06-06 11:08:26"}
{"level":"info","message":"::1 - - [06/Jun/2025:05:51:35 +0000] \"POST /api/yt-download HTTP/1.1\" 200 1059 \"http://localhost:5173/\" \"Mozilla/5.0 (Windows NT 10.0; Win64; x64) AppleWebKit/537.36 (KHTML, like Gecko) Chrome/137.0.0.0 Safari/537.36\"","timestamp":"2025-06-06 11:21:35"}
{"level":"info","message":"::1 - - [06/Jun/2025:05:51:46 +0000] \"GET /api/download-file/%E0%B4%89%E0%B4%A4%E0%B5%8D%E0%B4%A4%E0%B4%B0%E0%B4%AA%E0%B5%87%E0%B4%AA%E0%B5%8D%E0%B4%AA%E0%B4%B1%E0%B4%BF%E0%B5%BD%20%E0%B4%85%E0%B4%A7%E0%B5%8D%E0%B4%AF%E0%B4%BE%E0%B4%AA%E0%B4%95%E0%B4%B0%E0%B5%81%E0%B4%9F%E0%B5%86%20%E0%B4%85%E0%B4%A8%E0%B4%BE%E0%B4%B8%E0%B5%8D%E0%B4%A5%3B%20%E0%B4%88%20%E0%B4%AA%E0%B4%A4%E0%B4%BF%E0%B4%A8%E0%B4%9E%E0%B5%8D%E0%B4%9A%E0%B5%8D%20%E0%B4%B5%E0%B4%AF%E0%B4%B8%E0%B5%81%E0%B4%95%E0%B4%BE%E0%B4%B0%E0%B4%BF%20%E0%B4%95%E0%B4%9F%E0%B4%A8%E0%B5%8D%E0%B4%A8%E0%B5%81%E0%B4%AA%E0%B5%8B%E0%B4%AF%20%E0%B4%B8%E0%B4%99%E0%B5%8D%E0%B4%95%E0%B4%9F%E0%B4%82%20%E0%B4%9A%E0%B5%86%E0%B4%B1%E0%B5%81%E0%B4%A4%E0%B4%B2%E0%B5%8D%E0%B4%B2%20%20%23ExamResult%20%23SSLC.mp4 HTTP/1.1\" 500 89 \"http://localhost:5173/\" \"Mozilla/5.0 (Windows NT 10.0; Win64; x64) AppleWebKit/537.36 (KHTML, like Gecko) Chrome/137.0.0.0 Safari/537.36\"","timestamp":"2025-06-06 11:21:46"}
{"level":"info","message":"::1 - - [06/Jun/2025:05:53:19 +0000] \"GET /api/download-file/Never%20Trusting%20Apple%20Again.mp4 HTTP/1.1\" 200 4481663 \"-\" \"Mozilla/5.0 (Windows NT 10.0; Win64; x64) AppleWebKit/537.36 (KHTML, like Gecko) Chrome/137.0.0.0 Safari/537.36\"","timestamp":"2025-06-06 11:23:19"}
{"level":"info","message":"::1 - - [06/Jun/2025:05:55:15 +0000] \"POST /api/yt-download HTTP/1.1\" 200 353 \"http://localhost:5173/\" \"Mozilla/5.0 (Windows NT 10.0; Win64; x64) AppleWebKit/537.36 (KHTML, like Gecko) Chrome/137.0.0.0 Safari/537.36\"","timestamp":"2025-06-06 11:25:15"}
{"level":"info","message":"::1 - - [06/Jun/2025:05:55:20 +0000] \"GET /api/download-file/Magic%20of%20Dji%20pocket%203%20%2B%20Keralas%20natural%20beauty%20%23dji%20%20%23djiosmopocket3%20%23viralshots%20%23cinematic.mp4 HTTP/1.1\" 200 1182822 \"http://localhost:5173/\" \"Mozilla/5.0 (Windows NT 10.0; Win64; x64) AppleWebKit/537.36 (KHTML, like Gecko) Chrome/137.0.0.0 Safari/537.36\"","timestamp":"2025-06-06 11:25:20"}
{"level":"info","message":"Server started on port 3000","timestamp":"2025-06-06 11:26:56"}
{"level":"info","message":"Environment: development","timestamp":"2025-06-06 11:26:56"}
{"level":"info","message":"Server URL: http://localhost:3000","timestamp":"2025-06-06 11:26:56"}
{"level":"info","message":"Server started on port 3000","timestamp":"2025-06-06 11:27:09"}
{"level":"info","message":"Environment: development","timestamp":"2025-06-06 11:27:09"}
{"level":"info","message":"Server URL: http://localhost:3000","timestamp":"2025-06-06 11:27:09"}
{"level":"info","message":"Server started on port 3000","timestamp":"2025-06-06 11:27:12"}
{"level":"info","message":"Environment: development","timestamp":"2025-06-06 11:27:12"}
{"level":"info","message":"Server URL: http://localhost:3000","timestamp":"2025-06-06 11:27:12"}
{"level":"info","message":"Server started on port 3000","timestamp":"2025-06-06 11:27:15"}
{"level":"info","message":"Environment: development","timestamp":"2025-06-06 11:27:15"}
{"level":"info","message":"Server URL: http://localhost:3000","timestamp":"2025-06-06 11:27:15"}
{"level":"info","message":"::1 - - [06/Jun/2025:05:58:11 +0000] \"GET /api/download-file/Magic%20of%20Dji%20pocket%203%20%2B%20Keralas%20natural%20beauty%20%23dji%20%20%23djiosmopocket3%20%23viralshots%20%23cinematic.mp4 HTTP/1.1\" 200 1182822 \"http://localhost:5173/\" \"Mozilla/5.0 (Windows NT 10.0; Win64; x64) AppleWebKit/537.36 (KHTML, like Gecko) Chrome/137.0.0.0 Safari/537.36\"","timestamp":"2025-06-06 11:28:11"}
